{
  "RSpec": {
    "coverage": {
      "/Users/harshwadhawe/Code/Fall 25/SE/Project 3/proximity-chat-app/app/helpers/application_helper.rb": {
        "lines": [
          1,
          null
        ]
      },
      "/Users/harshwadhawe/Code/Fall 25/SE/Project 3/proximity-chat-app/app/helpers/pages_helper.rb": {
        "lines": [
          1,
          null
        ]
      },
      "/Users/harshwadhawe/Code/Fall 25/SE/Project 3/proximity-chat-app/app/controllers/pages_controller.rb": {
        "lines": [
          1,
          1,
          null,
          null
        ]
      },
      "/Users/harshwadhawe/Code/Fall 25/SE/Project 3/proximity-chat-app/app/controllers/application_controller.rb": {
        "lines": [
          1,
          null,
          1,
          null
        ]
      },
      "/Users/harshwadhawe/Code/Fall 25/SE/Project 3/proximity-chat-app/app/jobs/application_job.rb": {
        "lines": [
          0,
          null,
          null,
          null,
          null,
          null,
          0
        ],
        "branches": {}
      },
      "/Users/harshwadhawe/Code/Fall 25/SE/Project 3/proximity-chat-app/app/mailers/application_mailer.rb": {
        "lines": [
          0,
          0,
          0,
          0
        ],
        "branches": {}
      },
      "/Users/harshwadhawe/Code/Fall 25/SE/Project 3/proximity-chat-app/app/models/application_record.rb": {
        "lines": [
          0,
          0,
          0
        ],
        "branches": {}
      }
    },
    "timestamp": 1763072970
  }
}
